Clover Version 1.300Clover will run from the following input:-
Reading input file
Reading specification for state 1
                  density 2.0000e-01
                   energy 1.0000e+00

Reading specification for state 2
                  density 1.0000e+00
                   energy 2.5000e+00
           State geometry rectangular
                     xmin 0.0000e+00
                     xmax 5.0000e+00
                     ymin 0.0000e+00
                     ymax 2.0000e+00

                  x_cells 960
                  y_cells 960
                     xmin 0.0000e+00
                     ymin 0.0000e+00
                     xmax 1.0000e+01
                     ymax 1.0000e+01
         initial_timestep 4.0000e-02
            timestep_rise 1.5000e+00
             max_timestep 4.0000e-02
                 end_time 5.0000e-01
                 end_step 87
              Profiler on
          tiles_per_chunk 2
             test_problem 2

Setting up initial geometry

Mesh ratio of 1.0000
Decomposing the mesh into 1 by 1 chunks
Decomposing the chunk with 2 tiles

Generating chunks
Problem initialised and generated

Time 0.0000000000000
                       Volume            Mass         Density        Pressure Internal Energy  Kinetic Energy    Total Energy
 step:      0   5.0000000e+01   1.0000000e+01   2.0000000e-01   8.0000000e-02   1.0000000e+01   0.0000000e+00   1.0000000e+01

Starting calculation
 Step 1 time 0.0000000e+00 control sound       timestep 6.16258e-03 1, 1 x=6.95e-310 y=0.00e+00
 Step 2 time 6.1625831e-03 control sound       timestep 3.76159e-03 1, 1 x=2.20e-314 y=0.00e+00
 Step 3 time 9.9241739e-03 control sound       timestep 4.77957e-03 1, 1 x=2.20e-314 y=0.00e+00
 Step 4 time 1.4703743e-02 control sound       timestep 5.03593e-03 1, 1 x=2.20e-314 y=0.00e+00
 Step 5 time 1.9739675e-02 control sound       timestep 5.54178e-03 1, 1 x=2.20e-314 y=0.00e+00
 Step 6 time 2.5281455e-02 control sound       timestep 5.52927e-03 1, 1 x=2.20e-314 y=0.00e+00
 Step 7 time 3.0810729e-02 control sound       timestep 5.63447e-03 1, 1 x=2.20e-314 y=0.00e+00
 Step 8 time 3.6445199e-02 control sound       timestep 5.92614e-03 1, 1 x=2.20e-314 y=0.00e+00
 Step 9 time 4.2371339e-02 control sound       timestep 5.86226e-03 1, 1 x=2.20e-314 y=0.00e+00
 Step 10 time 4.8233601e-02 control sound       timestep 5.82063e-03 1, 1 x=2.20e-314 y=0.00e+00

Time 0.0540542307466
                       Volume            Mass         Density        Pressure Internal Energy  Kinetic Energy    Total Energy
 step:     10   5.0000000e+01   9.9526872e+00   1.9905374e-01   7.9507310e-02   9.9384138e+00   4.9932593e-03   9.9434071e+00

 Step 11 time 5.4054231e-02 control sound       timestep 5.77958e-03 1, 1 x=6.95e-310 y=0.00e+00
 Step 12 time 5.9833808e-02 control sound       timestep 5.75673e-03 1, 1 x=2.20e-314 y=0.00e+00
 Step 13 time 6.5590542e-02 control sound       timestep 5.77085e-03 1, 1 x=2.20e-314 y=0.00e+00
 Step 14 time 7.1361392e-02 control sound       timestep 5.79381e-03 1, 1 x=2.20e-314 y=0.00e+00
 Step 15 time 7.7155204e-02 control sound       timestep 5.80258e-03 1, 1 x=2.20e-314 y=0.00e+00
 Step 16 time 8.2957785e-02 control sound       timestep 5.80500e-03 1, 1 x=2.20e-314 y=0.00e+00
 Step 17 time 8.8762783e-02 control sound       timestep 5.80781e-03 1, 1 x=2.20e-314 y=0.00e+00
 Step 18 time 9.4570592e-02 control sound       timestep 5.80931e-03 1, 1 x=2.20e-314 y=0.00e+00
 Step 19 time 1.0037990e-01 control sound       timestep 5.80980e-03 1, 1 x=2.20e-314 y=0.00e+00
 Step 20 time 1.0618969e-01 control sound       timestep 5.81072e-03 1, 1 x=2.20e-314 y=0.00e+00

Time 0.1120004157753
                       Volume            Mass         Density        Pressure Internal Energy  Kinetic Energy    Total Energy
 step:     20   5.0000000e+01   9.8954749e+00   1.9790950e-01   7.8928959e-02   9.8661199e+00   1.0191061e-02   9.8763110e+00

 Step 21 time 1.1200042e-01 control sound       timestep 5.81383e-03 1, 1 x=6.95e-310 y=0.00e+00
 Step 22 time 1.1781425e-01 control sound       timestep 5.81552e-03 1, 1 x=2.20e-314 y=0.00e+00
 Step 23 time 1.2362977e-01 control sound       timestep 5.81620e-03 1, 1 x=2.20e-314 y=0.00e+00
 Step 24 time 1.2944597e-01 control sound       timestep 5.81807e-03 1, 1 x=2.20e-314 y=0.00e+00
 Step 25 time 1.3526403e-01 control sound       timestep 5.81971e-03 1, 1 x=2.20e-314 y=0.00e+00
 Step 26 time 1.4108374e-01 control sound       timestep 5.82120e-03 1, 1 x=2.20e-314 y=0.00e+00
 Step 27 time 1.4690493e-01 control sound       timestep 5.82263e-03 1, 1 x=2.20e-314 y=0.00e+00
 Step 28 time 1.5272756e-01 control sound       timestep 5.82308e-03 1, 1 x=2.20e-314 y=0.00e+00
 Step 29 time 1.5855064e-01 control sound       timestep 5.82357e-03 1, 1 x=2.20e-314 y=0.00e+00
 Step 30 time 1.6437422e-01 control sound       timestep 5.82381e-03 1, 1 x=2.20e-314 y=0.00e+00

Time 0.1701980233200
                       Volume            Mass         Density        Pressure Internal Energy  Kinetic Energy    Total Energy
 step:     30   5.0000000e+01   9.8380488e+00   1.9676098e-01   7.8347254e-02   9.7934068e+00   1.5755613e-02   9.8091624e+00

 Step 31 time 1.7019802e-01 control sound       timestep 5.82404e-03 1, 1 x=6.95e-310 y=0.00e+00
 Step 32 time 1.7602206e-01 control sound       timestep 5.82468e-03 1, 1 x=2.20e-314 y=0.00e+00
 Step 33 time 1.8184674e-01 control sound       timestep 5.82537e-03 1, 1 x=2.20e-314 y=0.00e+00
 Step 34 time 1.8767211e-01 control sound       timestep 5.82613e-03 1, 1 x=2.20e-314 y=0.00e+00
 Step 35 time 1.9349823e-01 control sound       timestep 5.82716e-03 1, 1 x=2.20e-314 y=0.00e+00
 Step 36 time 1.9932539e-01 control sound       timestep 5.82815e-03 1, 1 x=2.20e-314 y=0.00e+00
 Step 37 time 2.0515354e-01 control sound       timestep 5.82909e-03 1, 1 x=2.20e-314 y=0.00e+00
 Step 38 time 2.1098263e-01 control sound       timestep 5.83013e-03 1, 1 x=2.20e-314 y=0.00e+00
 Step 39 time 2.1681276e-01 control sound       timestep 5.83076e-03 1, 1 x=2.20e-314 y=0.00e+00
 Step 40 time 2.2264352e-01 control sound       timestep 5.83090e-03 1, 1 x=2.20e-314 y=0.00e+00

Time 0.2284744254952
                       Volume            Mass         Density        Pressure Internal Energy  Kinetic Energy    Total Energy
 step:     40   5.0000000e+01   9.7805822e+00   1.9561164e-01   7.7765687e-02   9.7207109e+00   2.1374548e-02   9.7420854e+00

 Step 41 time 2.2847443e-01 control sound       timestep 5.83095e-03 1, 1 x=6.95e-310 y=0.00e+00
 Step 42 time 2.3430538e-01 control sound       timestep 5.83112e-03 1, 1 x=2.20e-314 y=0.00e+00
 Step 43 time 2.4013650e-01 control sound       timestep 5.83153e-03 1, 1 x=2.20e-314 y=0.00e+00
 Step 44 time 2.4596803e-01 control sound       timestep 5.83192e-03 1, 1 x=2.20e-314 y=0.00e+00
 Step 45 time 2.5179995e-01 control sound       timestep 5.83229e-03 1, 1 x=2.20e-314 y=0.00e+00
 Step 46 time 2.5763224e-01 control sound       timestep 5.83269e-03 1, 1 x=2.20e-314 y=0.00e+00
 Step 47 time 2.6346493e-01 control sound       timestep 5.83336e-03 1, 1 x=2.20e-314 y=0.00e+00
 Step 48 time 2.6929829e-01 control sound       timestep 5.83405e-03 1, 1 x=2.20e-314 y=0.00e+00
 Step 49 time 2.7513234e-01 control sound       timestep 5.83467e-03 1, 1 x=2.20e-314 y=0.00e+00
 Step 50 time 2.8096701e-01 control sound       timestep 5.83533e-03 1, 1 x=2.20e-314 y=0.00e+00

Time 0.2868023406659
                       Volume            Mass         Density        Pressure Internal Energy  Kinetic Energy    Total Energy
 step:     50   5.0000000e+01   9.7231504e+00   1.9446301e-01   7.7184971e-02   9.6481214e+00   2.7000150e-02   9.6751215e+00

 Step 51 time 2.8680234e-01 control sound       timestep 5.83613e-03 1, 1 x=6.95e-310 y=0.00e+00
 Step 52 time 2.9263847e-01 control sound       timestep 5.83708e-03 1, 1 x=2.20e-314 y=0.00e+00
 Step 53 time 2.9847555e-01 control sound       timestep 5.83722e-03 1, 1 x=2.20e-314 y=0.00e+00
 Step 54 time 3.0431278e-01 control sound       timestep 5.83728e-03 1, 1 x=2.20e-314 y=0.00e+00
 Step 55 time 3.1015005e-01 control sound       timestep 5.83730e-03 1, 1 x=2.20e-314 y=0.00e+00
 Step 56 time 3.1598736e-01 control sound       timestep 5.83754e-03 1, 1 x=2.20e-314 y=0.00e+00
 Step 57 time 3.2182490e-01 control sound       timestep 5.83785e-03 1, 1 x=2.20e-314 y=0.00e+00
 Step 58 time 3.2766275e-01 control sound       timestep 5.83814e-03 1, 1 x=2.20e-314 y=0.00e+00
 Step 59 time 3.3350089e-01 control sound       timestep 5.83843e-03 1, 1 x=2.20e-314 y=0.00e+00
 Step 60 time 3.3933931e-01 control sound       timestep 5.83874e-03 1, 1 x=2.20e-314 y=0.00e+00

Time 0.3451780584754
                       Volume            Mass         Density        Pressure Internal Energy  Kinetic Energy    Total Energy
 step:     60   5.0000000e+01   9.6658016e+00   1.9331603e-01   7.6605586e-02   9.5756982e+00   3.2610579e-02   9.6083088e+00

 Step 61 time 3.4517806e-01 control sound       timestep 5.83929e-03 1, 1 x=6.95e-310 y=0.00e+00
 Step 62 time 3.5101735e-01 control sound       timestep 5.83986e-03 1, 1 x=2.20e-314 y=0.00e+00
 Step 63 time 3.5685721e-01 control sound       timestep 5.84036e-03 1, 1 x=2.20e-314 y=0.00e+00
 Step 64 time 3.6269756e-01 control sound       timestep 5.84090e-03 1, 1 x=2.20e-314 y=0.00e+00
 Step 65 time 3.6853847e-01 control sound       timestep 5.84156e-03 1, 1 x=2.20e-314 y=0.00e+00
 Step 66 time 3.7438003e-01 control sound       timestep 5.84234e-03 1, 1 x=2.20e-314 y=0.00e+00
 Step 67 time 3.8022237e-01 control sound       timestep 5.84265e-03 1, 1 x=2.20e-314 y=0.00e+00
 Step 68 time 3.8606502e-01 control sound       timestep 5.84270e-03 1, 1 x=2.20e-314 y=0.00e+00
 Step 69 time 3.9190772e-01 control sound       timestep 5.84268e-03 1, 1 x=2.20e-314 y=0.00e+00
 Step 70 time 3.9775040e-01 control sound       timestep 5.84283e-03 1, 1 x=2.20e-314 y=0.00e+00

Time 0.4035932342542
                       Volume            Mass         Density        Pressure Internal Energy  Kinetic Energy    Total Energy
 step:     70   5.0000000e+01   9.6085652e+00   1.9217130e-01   7.6027813e-02   9.5034766e+00   3.8195848e-02   9.5416724e+00

 Step 71 time 4.0359323e-01 control sound       timestep 5.84310e-03 1, 1 x=6.95e-310 y=0.00e+00
 Step 72 time 4.0943633e-01 control sound       timestep 5.84334e-03 1, 1 x=2.20e-314 y=0.00e+00
 Step 73 time 4.1527967e-01 control sound       timestep 5.84357e-03 1, 1 x=2.20e-314 y=0.00e+00
 Step 74 time 4.2112324e-01 control sound       timestep 5.84383e-03 1, 1 x=2.20e-314 y=0.00e+00
 Step 75 time 4.2696707e-01 control sound       timestep 5.84421e-03 1, 1 x=2.20e-314 y=0.00e+00
 Step 76 time 4.3281128e-01 control sound       timestep 5.84470e-03 1, 1 x=2.20e-314 y=0.00e+00
 Step 77 time 4.3865598e-01 control sound       timestep 5.84515e-03 1, 1 x=2.20e-314 y=0.00e+00
 Step 78 time 4.4450113e-01 control sound       timestep 5.84559e-03 1, 1 x=2.20e-314 y=0.00e+00
 Step 79 time 4.5034671e-01 control sound       timestep 5.84610e-03 1, 1 x=2.20e-314 y=0.00e+00
 Step 80 time 4.5619282e-01 control sound       timestep 5.84673e-03 1, 1 x=2.20e-314 y=0.00e+00

Time 0.4620395463731
                       Volume            Mass         Density        Pressure Internal Energy  Kinetic Energy    Total Energy
 step:     80   5.0000000e+01   9.5514602e+00   1.9102920e-01   7.5451828e-02   9.4314784e+00   4.3750714e-02   9.4752292e+00

 Step 81 time 4.6203955e-01 control sound       timestep 5.84731e-03 1, 1 x=6.95e-310 y=0.00e+00
 Step 82 time 4.6788685e-01 control sound       timestep 5.84735e-03 1, 1 x=2.20e-314 y=0.00e+00
 Step 83 time 4.7373420e-01 control sound       timestep 5.84737e-03 1, 1 x=2.20e-314 y=0.00e+00
 Step 84 time 4.7958157e-01 control sound       timestep 5.84738e-03 1, 1 x=2.20e-314 y=0.00e+00
 Step 85 time 4.8542895e-01 control sound       timestep 5.84759e-03 1, 1 x=2.20e-314 y=0.00e+00
 Step 86 time 4.9127655e-01 control sound       timestep 5.84781e-03 1, 1 x=2.20e-314 y=0.00e+00
 Step 87 time 4.9712435e-01 control sound       timestep 5.84800e-03 1, 1 x=2.20e-314 y=0.00e+00

Time 0.5029723568327
                       Volume            Mass         Density        Pressure Internal Energy  Kinetic Energy    Total Energy
 step:     87   5.0000000e+01   9.5115656e+00   1.9023131e-01   7.5049704e-02   9.3812130e+00   4.7620197e-02   9.4288332e+00

Test problem 2 is within    9.6008931e+01 % of the expected solution
This test is considered NOT PASSED


Calculation complete
Clover is finishing
Wall clock 19.554918
First step overhead 0.071746
