
Clover Version    1.300
       MPI Version
   Task Count      1

 Clover will run from the following input:-

*clover                                                                                             
                                                                                                    
 state 1 density=0.2 energy=1.0                                                                     
 state 2 density=1.0 energy=2.5 geometry=rectangle xmin=0.0 xmax=5.0 ymin=0.0 ymax=2.0              
                                                                                                    
 x_cells=960                                                                                        
 y_cells=960                                                                                        
                                                                                                    
 xmin=0.0                                                                                           
 ymin=0.0                                                                                           
 xmax=10.0                                                                                          
 ymax=10.0                                                                                          
                                                                                                    
 initial_timestep=0.04                                                                              
 timestep_rise=1.5                                                                                  
 max_timestep=0.04                                                                                  
 end_time=0.5                                                                                       
 end_step=87                                                                                        
 profiler_on                                                                                        
 tiles_per_chunk 2                                                                                  
 test_problem 2                                                                                     
*endclover                                                                                          

 Initialising and generating

 Reading input file

 Reading specification for state            1

            state density   0.2000E+00
             state energy   0.1000E+01

 Reading specification for state            2

            state density   0.1000E+01
             state energy   0.2500E+01
 state geometry rectangular
               state xmin   0.0000E+00
               state xmax   0.5000E+01
               state ymin   0.0000E+00
               state ymax   0.2000E+01

                   x_cells         960
                   y_cells         960
                      xmin  0.0000E+00
                      ymin  0.0000E+00
                      xmax  0.1000E+02
                      ymax  0.1000E+02
         initial_timestep   0.4000E-01
             timestep_rise  0.1500E+01
              max_timestep  0.4000E-01
                  end_time  0.5000E+00
                  end_step          87
               Profiler on
           tiles_per_chunk           2
              test_problem           2

           Using C Kernels

 Input read finished.

 Setting up initial geometry


 Mesh ratio of    1.0000000000000000     
 Decomposing the mesh into            1  by            1  chunks
 Decomposing the chunk with            2  tiles

 Generating chunks

 Problem initialised and generated

 Time    0.0000000000000000     
                       Volume            Mass         Density        Pressure Internal Energy  Kinetic Energy    Total Energy
 step:      0      0.1000E+03      0.2800E+02      0.2800E+00      0.1720E+00      0.4300E+02      0.0000E+00      0.4300E+02

 Starting the calculation
 Step       1 time   0.0000000 control    sound    timestep   6.16E-03       1,       1 x  0.00E+00 y  0.00E+00
 Wall clock   0.23733878135681152     
 Average time per cell    2.5752905963195697E-007
 Step time per cell       2.5752802482909627E-007
 Step       2 time   0.0061626 control    sound    timestep   3.76E-03       1,       1 x  2.12-314 y  2.38-321
 Wall clock   0.49251198768615723     
 Average time per cell    2.6720485443042386E-007
 Step time per cell       2.7678622346785334E-007
 Step       3 time   0.0099242 control    sound    timestep   4.78E-03       1,       1 x  2.12-314 y  2.38-321
 Wall clock   0.72963094711303711     
 Average time per cell    2.6390008214447233E-007
 Step time per cell       2.5721137515372703E-007
 Step       4 time   0.0147037 control    sound    timestep   5.04E-03       1,       1 x  2.12-314 y  2.38-321
 Wall clock   0.98774600028991699     
 Average time per cell    2.6794325094670055E-007
 Step time per cell       2.7996539655658933E-007
 Step       5 time   0.0197397 control    sound    timestep   5.54E-03       1,       1 x  2.12-314 y  2.38-321
 Wall clock    1.3218309879302979     
 Average time per cell    2.8685568314459591E-007
 Step time per cell       3.6240891656941839E-007
 Step       6 time   0.0252815 control    sound    timestep   5.53E-03       1,       1 x  2.12-314 y  2.38-321
 Wall clock    1.5631768703460693     
 Average time per cell    2.8269257637913578E-007
 Step time per cell       2.6182944162024395E-007
 Step       7 time   0.0308107 control    sound    timestep   5.63E-03       1,       1 x  2.12-314 y  2.38-321
 Wall clock    1.8174529075622559     
 Average time per cell    2.8172323095893100E-007
 Step time per cell       2.7585179648465582E-007
 Step       8 time   0.0364452 control    sound    timestep   5.93E-03       1,       1 x  2.12-314 y  2.38-321
 Wall clock    2.0514428615570068     
 Average time per cell    2.7824474576239783E-007
 Step time per cell       2.5382601759499972E-007
 Step       9 time   0.0423713 control    sound    timestep   5.86E-03       1,       1 x  2.12-314 y  2.38-321
 Wall clock    2.3074529170989990     
 Average time per cell    2.7819407275981373E-007
 Step time per cell       2.7773436158895490E-007
 Step      10 time   0.0482336 control    sound    timestep   5.82E-03       1,       1 x  2.12-314 y  2.38-321

 Time    5.4054230746582298E-002
                       Volume            Mass         Density        Pressure Internal Energy  Kinetic Energy    Total Energy
 step:     10      0.1000E+03      0.2800E+02      0.2800E+00      0.1715E+00      0.4286E+02      0.1272E+00      0.4299E+02

 Wall clock    2.5747699737548828     
 Average time per cell    2.7938042249944477E-007
 Step time per cell       2.9000557131237454E-007
 Step      11 time   0.0540542 control    sound    timestep   5.78E-03       1,       1 x  6.95-310 y  1.47E+09
 Wall clock    2.8211188316345215     
 Average time per cell    2.7828271303213005E-007
 Step time per cell       2.6726551974813146E-007
 Step      12 time   0.0598338 control    sound    timestep   5.76E-03       1,       1 x  2.12-314 y  2.38-321
 Wall clock    3.0568139553070068     
 Average time per cell    2.7640461835458322E-007
 Step time per cell       2.5568788664208516E-007
 Step      13 time   0.0655905 control    sound    timestep   5.77E-03       1,       1 x  2.12-314 y  2.38-321
 Wall clock    3.2903058528900146     
 Average time per cell    2.7463156491135941E-007
 Step time per cell       2.5330292474892402E-007
 Step      14 time   0.0713614 control    sound    timestep   5.79E-03       1,       1 x  2.12-314 y  2.38-321
 Wall clock    3.5442419052124023     
 Average time per cell    2.7469632821896719E-007
 Step time per cell       2.7548625237411920E-007
 Step      15 time   0.0771552 control    sound    timestep   5.80E-03       1,       1 x  2.12-314 y  2.38-321
 Wall clock    3.7979488372802734     
 Average time per cell    2.7473588232640867E-007
 Step time per cell       2.7523660618397925E-007
 Step      16 time   0.0829578 control    sound    timestep   5.80E-03       1,       1 x  2.12-314 y  2.38-321
 Wall clock    4.0485959053039551     
 Average time per cell    2.7456298185926342E-007
 Step time per cell       2.7191954561405712E-007
 Step      17 time   0.0887628 control    sound    timestep   5.81E-03       1,       1 x  2.12-314 y  2.38-321
 Wall clock    4.3017849922180176     
 Average time per cell    2.7457267362502663E-007
 Step time per cell       2.7462581379546058E-007
 Step      18 time   0.0945706 control    sound    timestep   5.81E-03       1,       1 x  2.12-314 y  2.38-321
 Wall clock    4.5527868270874023     
 Average time per cell    2.7444943739676182E-007
 Step time per cell       2.7228845283389092E-007
 Step      19 time   0.1003799 control    sound    timestep   5.81E-03       1,       1 x  2.12-314 y  2.38-321
 Wall clock    4.7900178432464600     
 Average time per cell    2.7355273684475854E-007
 Step time per cell       2.5736530207925374E-007
 Step      20 time   0.1061897 control    sound    timestep   5.81E-03       1,       1 x  2.12-314 y  2.38-321

 Time   0.11200041577533880     
                       Volume            Mass         Density        Pressure Internal Energy  Kinetic Energy    Total Energy
 step:     20      0.1000E+03      0.2800E+02      0.2800E+00      0.1709E+00      0.4272E+02      0.2696E+00      0.4299E+02

 Wall clock    5.0375888347625732     
 Average time per cell    2.7330668591376807E-007
 Step time per cell       2.6857402796546618E-007
 Step      21 time   0.1120004 control    sound    timestep   5.81E-03       1,       1 x  6.95-310 y  1.47E+09
 Wall clock    5.2901158332824707     
 Average time per cell    2.7334014515555096E-007
 Step time per cell       2.7396897267964149E-007
 Step      22 time   0.1178143 control    sound    timestep   5.82E-03       1,       1 x  2.12-314 y  2.38-321
 Wall clock    5.5275328159332275     
 Average time per cell    2.7262531644241375E-007
 Step time per cell       2.5755622320704989E-007
 Step      23 time   0.1236298 control    sound    timestep   5.82E-03       1,       1 x  2.12-314 y  2.38-321
 Wall clock    5.7797207832336426     
 Average time per cell    2.7266949649162337E-007
 Step time per cell       2.7358169770903059E-007
 Step      24 time   0.1294460 control    sound    timestep   5.82E-03       1,       1 x  2.12-314 y  2.38-321
 Wall clock    6.0301449298858643     
 Average time per cell    2.7263025037461407E-007
 Step time per cell       2.7167533213893571E-007
 Step      25 time   0.1352640 control    sound    timestep   5.82E-03       1,       1 x  2.12-314 y  2.38-321
 Wall clock    6.2829158306121826     
 Average time per cell    2.7269599959254263E-007
 Step time per cell       2.7421965367264219E-007
 Step      26 time   0.1410837 control    sound    timestep   5.82E-03       1,       1 x  2.12-314 y  2.38-321
 Wall clock    6.5284988880157471     
 Average time per cell    2.7245671774905463E-007
 Step time per cell       2.6639757884873284E-007
 Step      27 time   0.1469049 control    sound    timestep   5.82E-03       1,       1 x  2.12-314 y  2.38-321
 Wall clock    6.8039288520812988     
 Average time per cell    2.7343464072471782E-007
 Step time per cell       2.9880863924821215E-007
 Step      28 time   0.1527276 control    sound    timestep   5.82E-03       1,       1 x  2.12-314 y  2.38-321
 Wall clock    7.1027278900146484     
 Average time per cell    2.7524832163065201E-007
 Step time per cell       3.2414940910206903E-007
 Step      29 time   0.1585506 control    sound    timestep   5.82E-03       1,       1 x  2.12-314 y  2.38-321
 Wall clock    7.3598239421844482     
 Average time per cell    2.7537655435017243E-007
 Step time per cell       2.7891610645585590E-007
 Step      30 time   0.1643742 control    sound    timestep   5.82E-03       1,       1 x  2.12-314 y  2.38-321

 Time   0.17019802332004388     
                       Volume            Mass         Density        Pressure Internal Energy  Kinetic Energy    Total Energy
 step:     30      0.1000E+03      0.2800E+02      0.2800E+00      0.1703E+00      0.4258E+02      0.4108E+00      0.4299E+02

 Wall clock    7.6282398700714111     
 Average time per cell    2.7590566659691157E-007
 Step time per cell       2.9119688810573682E-007
 Step      31 time   0.1701980 control    sound    timestep   5.82E-03       1,       1 x  6.95-310 y  1.47E+09
 Wall clock    7.8839519023895264     
 Average time per cell    2.7595597776621045E-007
 Step time per cell       2.7739365274707478E-007
 Step      32 time   0.1760221 control    sound    timestep   5.82E-03       1,       1 x  2.12-314 y  2.38-321
 Wall clock    8.1330618858337402     
 Average time per cell    2.7577927944043445E-007
 Step time per cell       2.7024523458547060E-007
 Step      33 time   0.1818467 control    sound    timestep   5.83E-03       1,       1 x  2.12-314 y  2.38-321
 Wall clock    8.3885648250579834     
 Average time per cell    2.7582349619429921E-007
 Step time per cell       2.7718953788280487E-007
 Step      34 time   0.1876721 control    sound    timestep   5.83E-03       1,       1 x  2.12-314 y  2.38-321
 Wall clock    8.6425337791442871     
 Average time per cell    2.7581615665671870E-007
 Step time per cell       2.7552298787567352E-007
 Step      35 time   0.1934982 control    sound    timestep   5.83E-03       1,       1 x  2.12-314 y  2.38-321
 Wall clock    8.8981158733367920     
 Average time per cell    2.7585924706525272E-007
 Step time per cell       2.7726766549878652E-007
 Step      36 time   0.1993254 control    sound    timestep   5.83E-03       1,       1 x  2.12-314 y  2.38-321
 Wall clock    9.1522779464721680     
 Average time per cell    2.7585714296610269E-007
 Step time per cell       2.7573020714852543E-007
 Step      37 time   0.2051535 control    sound    timestep   5.83E-03       1,       1 x  2.12-314 y  2.38-321
 Wall clock    9.3847918510437012     
 Average time per cell    2.7522029405510103E-007
 Step time per cell       2.5223733650313483E-007
 Step      38 time   0.2109826 control    sound    timestep   5.83E-03       1,       1 x  2.12-314 y  2.38-321
 Wall clock    9.6235818862915039     
 Average time per cell    2.7479617502431423E-007
 Step time per cell       2.5902021055420240E-007
 Step      39 time   0.2168128 control    sound    timestep   5.83E-03       1,       1 x  2.12-314 y  2.38-321
 Wall clock    9.8552269935607910     
 Average time per cell    2.7419501740453588E-007
 Step time per cell       2.5130316822065249E-007
 Step      40 time   0.2226435 control    sound    timestep   5.83E-03       1,       1 x  2.12-314 y  2.38-321

 Time   0.22847442549522459     
                       Volume            Mass         Density        Pressure Internal Energy  Kinetic Energy    Total Energy
 step:     40      0.1000E+03      0.2800E+02      0.2800E+00      0.1697E+00      0.4243E+02      0.5509E+00      0.4299E+02

 Wall clock    10.106100797653198     
 Average time per cell    2.7414552945022780E-007
 Step time per cell       2.7215366976128683E-007
 Step      41 time   0.2284744 control    sound    timestep   5.83E-03       1,       1 x  6.95-310 y  1.47E+09
 Wall clock    10.357096910476685     
 Average time per cell    2.7410169245629776E-007
 Step time per cell       2.7230785538752873E-007
 Step      42 time   0.2343054 control    sound    timestep   5.83E-03       1,       1 x  2.12-314 y  2.38-321
 Wall clock    10.592364788055420     
 Average time per cell    2.7365360418876644E-007
 Step time per cell       2.5523205598195395E-007
 Step      43 time   0.2401365 control    sound    timestep   5.83E-03       1,       1 x  2.12-314 y  2.38-321
 Wall clock    10.850053787231445     
 Average time per cell    2.7379213570008288E-007
 Step time per cell       2.7955380371875231E-007
 Step      44 time   0.2459680 control    sound    timestep   5.83E-03       1,       1 x  2.12-314 y  2.38-321
 Wall clock    11.097206830978394     
 Average time per cell    2.7366454661306408E-007
 Step time per cell       2.6812285391820803E-007
 Step      45 time   0.2518000 control    sound    timestep   5.83E-03       1,       1 x  2.12-314 y  2.38-321
 Wall clock    11.350932836532593     
 Average time per cell    2.7370111970805830E-007
 Step time per cell       2.7523531268040342E-007
 Step      46 time   0.2576322 control    sound    timestep   5.83E-03       1,       1 x  2.12-314 y  2.38-321
 Wall clock    11.603869915008545     
 Average time per cell    2.7371749308878097E-007
 Step time per cell       2.7440333118041355E-007
 Step      47 time   0.2634649 control    sound    timestep   5.83E-03       1,       1 x  2.12-314 y  2.38-321
 Wall clock    11.859027862548828     
 Average time per cell    2.7378444200993710E-007
 Step time per cell       2.7680976523293390E-007
 Step      48 time   0.2692983 control    sound    timestep   5.83E-03       1,       1 x  2.12-314 y  2.38-321
 Wall clock    12.113699913024902     
 Average time per cell    2.7383761739151346E-007
 Step time per cell       2.7623363874024813E-007
 Step      49 time   0.2751323 control    sound    timestep   5.83E-03       1,       1 x  2.12-314 y  2.38-321
 Wall clock    12.370226860046387     
 Average time per cell    2.7392969768739342E-007
 Step time per cell       2.7826806116435263E-007
 Step      50 time   0.2809670 control    sound    timestep   5.84E-03       1,       1 x  2.12-314 y  2.38-321

 Time   0.28680234066587584     
                       Volume            Mass         Density        Pressure Internal Energy  Kinetic Energy    Total Energy
 step:     50      0.1000E+03      0.2800E+02      0.2800E+00      0.1692E+00      0.4229E+02      0.6898E+00      0.4298E+02

 Wall clock    12.638552904129028     
 Average time per cell    2.7427415156530010E-007
 Step time per cell       2.9109702962968083E-007
 Step      51 time   0.2868023 control    sound    timestep   5.84E-03       1,       1 x  6.95-310 y  1.47E+09
 Wall clock    12.892006874084473     
 Average time per cell    2.7428868111052545E-007
 Step time per cell       2.7497816416952343E-007
 Step      52 time   0.2926385 control    sound    timestep   5.84E-03       1,       1 x  2.12-314 y  2.38-321
 Wall clock    13.128485918045044     
 Average time per cell    2.7394844079788168E-007
 Step time per cell       2.5653978809714316E-007
 Step      53 time   0.2984756 control    sound    timestep   5.84E-03       1,       1 x  2.12-314 y  2.38-321
 Wall clock    13.383936882019043     
 Average time per cell    2.7400945201984744E-007
 Step time per cell       2.7713107152117621E-007
 Step      54 time   0.3043128 control    sound    timestep   5.84E-03       1,       1 x  2.12-314 y  2.38-321
 Wall clock    13.639301776885986     
 Average time per cell    2.7406647410473704E-007
 Step time per cell       2.7703535225656297E-007
 Step      55 time   0.3101501 control    sound    timestep   5.84E-03       1,       1 x  2.12-314 y  2.38-321
 Wall clock    13.905775785446167     
 Average time per cell    2.7434058920151054E-007
 Step time per cell       2.8909158168567552E-007
 Step      56 time   0.3159874 control    sound    timestep   5.84E-03       1,       1 x  2.12-314 y  2.38-321
 Wall clock    14.158968925476074     
 Average time per cell    2.7434758117629422E-007
 Step time per cell       2.7468091704779199E-007
 Step      57 time   0.3218249 control    sound    timestep   5.84E-03       1,       1 x  2.12-314 y  2.38-321
 Wall clock    14.410023927688599     
 Average time per cell    2.7431362557277580E-007
 Step time per cell       2.7235674982269605E-007
 Step      58 time   0.3276627 control    sound    timestep   5.84E-03       1,       1 x  2.12-314 y  2.38-321
 Wall clock    14.657729864120483     
 Average time per cell    2.7421818621513717E-007
 Step time per cell       2.6871941776739225E-007
 Step      59 time   0.3335009 control    sound    timestep   5.84E-03       1,       1 x  2.12-314 y  2.38-321
 Wall clock    14.908763885498047     
 Average time per cell    2.7418718892526715E-007
 Step time per cell       2.7233501896262171E-007
 Step      60 time   0.3393393 control    sound    timestep   5.84E-03       1,       1 x  2.12-314 y  2.38-321

 Time   0.34517805847536881     
                       Volume            Mass         Density        Pressure Internal Energy  Kinetic Energy    Total Energy
 step:     60      0.1000E+03      0.2800E+02      0.2800E+00      0.1686E+00      0.4216E+02      0.8276E+00      0.4298E+02

 Wall clock    15.171575784683228     
 Average time per cell    2.7437022180055026E-007
 Step time per cell       2.8511379948920674E-007
 Step      61 time   0.3451781 control    sound    timestep   5.84E-03       1,       1 x  6.95-310 y  1.47E+09
 Wall clock    15.425601005554199     
 Average time per cell    2.7439095595603866E-007
 Step time per cell       2.7556437999010085E-007
 Step      62 time   0.3510173 control    sound    timestep   5.84E-03       1,       1 x  2.12-314 y  2.38-321
 Wall clock    15.678353786468506     
 Average time per cell    2.7438875214333601E-007
 Step time per cell       2.7419921631614369E-007
 Step      63 time   0.3568572 control    sound    timestep   5.84E-03       1,       1 x  2.12-314 y  2.38-321
 Wall clock    15.958085775375366     
 Average time per cell    2.7485128994735460E-007
 Step time per cell       3.0347637625204190E-007
 Step      64 time   0.3626976 control    sound    timestep   5.84E-03       1,       1 x  2.12-314 y  2.38-321
 Wall clock    16.194297790527344     
 Average time per cell    2.7456152666774060E-007
 Step time per cell       2.5624874979257582E-007
 Step      65 time   0.3685385 control    sound    timestep   5.84E-03       1,       1 x  2.12-314 y  2.38-321
 Wall clock    16.450924873352051     
 Average time per cell    2.7462147558346775E-007
 Step time per cell       2.7840051593052019E-007
 Step      66 time   0.3743800 control    sound    timestep   5.84E-03       1,       1 x  2.12-314 y  2.38-321
 Wall clock    16.700576782226562     
 Average time per cell    2.7456493289382367E-007
 Step time per cell       2.7084076363179417E-007
 Step      67 time   0.3802224 control    sound    timestep   5.84E-03       1,       1 x  2.12-314 y  2.38-321
 Wall clock    16.953161001205444     
 Average time per cell    2.7455756700231659E-007
 Step time per cell       2.7400726038548683E-007
 Step      68 time   0.3860650 control    sound    timestep   5.84E-03       1,       1 x  2.12-314 y  2.38-321
 Wall clock    17.191372871398926     
 Average time per cell    2.7432107957067832E-007
 Step time per cell       2.5842545761002434E-007
 Step      69 time   0.3919077 control    sound    timestep   5.84E-03       1,       1 x  2.12-314 y  2.38-321
 Wall clock    17.445263862609863     
 Average time per cell    2.7433801112447577E-007
 Step time per cell       2.7543399482965470E-007
 Step      70 time   0.3977504 control    sound    timestep   5.84E-03       1,       1 x  2.12-314 y  2.38-321

 Time   0.40359323425419447     
                       Volume            Mass         Density        Pressure Internal Energy  Kinetic Energy    Total Energy
 step:     70      0.1000E+03      0.2800E+02      0.2800E+00      0.1681E+00      0.4202E+02      0.9641E+00      0.4298E+02

 Wall clock    17.714934825897217     
 Average time per cell    2.7459906414151192E-007
 Step time per cell       2.9255092764894168E-007
 Step      71 time   0.4035932 control    sound    timestep   5.84E-03       1,       1 x  6.95-310 y  1.47E+09
 Wall clock    17.971617937088013     
 Average time per cell    2.7465427451780144E-007
 Step time per cell       2.7848200665579902E-007
 Step      72 time   0.4094363 control    sound    timestep   5.84E-03       1,       1 x  2.12-314 y  2.38-321
 Wall clock    18.224035978317261     
 Average time per cell    2.7464367492400385E-007
 Step time per cell       2.7383030909630989E-007
 Step      73 time   0.4152797 control    sound    timestep   5.84E-03       1,       1 x  2.12-314 y  2.38-321
 Wall clock    18.484955787658691     
 Average time per cell    2.7475973571362923E-007
 Step time per cell       2.8306851163506507E-007
 Step      74 time   0.4211232 control    sound    timestep   5.84E-03       1,       1 x  2.12-314 y  2.38-321
 Wall clock    18.726454973220825     
 Average time per cell    2.7458789316495438E-007
 Step time per cell       2.6192386738128130E-007
 Step      75 time   0.4269671 control    sound    timestep   5.84E-03       1,       1 x  2.12-314 y  2.38-321
 Wall clock    18.989216804504395     
 Average time per cell    2.7472825237998256E-007
 Step time per cell       2.8505843753616014E-007
 Step      76 time   0.4328113 control    sound    timestep   5.84E-03       1,       1 x  2.12-314 y  2.38-321
 Wall clock    19.226877927780151     
 Average time per cell    2.7450654936180998E-007
 Step time per cell       2.5776033807131981E-007
 Step      77 time   0.4386560 control    sound    timestep   5.85E-03       1,       1 x  2.12-314 y  2.38-321
 Wall clock    19.487462997436523     
 Average time per cell    2.7461364478259892E-007
 Step time per cell       2.8269546520378853E-007
 Step      78 time   0.4445011 control    sound    timestep   5.85E-03       1,       1 x  2.12-314 y  2.38-321
 Wall clock    19.721943855285645     
 Average time per cell    2.7435485464640154E-007
 Step time per cell       2.5435635406110021E-007
 Step      79 time   0.4503467 control    sound    timestep   5.85E-03       1,       1 x  2.12-314 y  2.38-321
 Wall clock    19.962417840957642     
 Average time per cell    2.7418493210703514E-007
 Step time per cell       2.6087121417125068E-007
 Step      80 time   0.4561928 control    sound    timestep   5.85E-03       1,       1 x  2.12-314 y  2.38-321

 Time   0.46203954637309896     
                       Volume            Mass         Density        Pressure Internal Energy  Kinetic Energy    Total Energy
 step:     80      0.1000E+03      0.2800E+02      0.2800E+00      0.1675E+00      0.4188E+02      0.1099E+01      0.4298E+02

 Wall clock    20.233643770217896     
 Average time per cell    2.7443635756046405E-007
 Step time per cell       2.9424671083688735E-007
 Step      81 time   0.4620395 control    sound    timestep   5.85E-03       1,       1 x  6.95-310 y  1.47E+09
 Wall clock    20.491801977157593     
 Average time per cell    2.7450652082740689E-007
 Step time per cell       2.8008362278342248E-007
 Step      82 time   0.4678869 control    sound    timestep   5.85E-03       1,       1 x  2.12-314 y  2.38-321
 Wall clock    20.727046966552734     
 Average time per cell    2.7427177240208882E-007
 Step time per cell       2.5520722071329750E-007
 Step      83 time   0.4737342 control    sound    timestep   5.85E-03       1,       1 x  2.12-314 y  2.38-321
 Wall clock    20.981544971466064     
 Average time per cell    2.7429437765993745E-007
 Step time per cell       2.7609264685048000E-007
 Step      84 time   0.4795816 control    sound    timestep   5.85E-03       1,       1 x  2.12-314 y  2.38-321
 Wall clock    21.233239889144897     
 Average time per cell    2.7428023583654848E-007
 Step time per cell       2.7305110254221491E-007
 Step      85 time   0.4854290 control    sound    timestep   5.85E-03       1,       1 x  2.12-314 y  2.38-321
 Wall clock    21.497096776962280     
 Average time per cell    2.7442168066996372E-007
 Step time per cell       2.8624458031521901E-007
 Step      86 time   0.4912765 control    sound    timestep   5.85E-03       1,       1 x  2.12-314 y  2.38-321
 Wall clock    21.752412796020508     
 Average time per cell    2.7445207520818835E-007
 Step time per cell       2.7697145317991573E-007
 Step      87 time   0.4971244 control    sound    timestep   5.85E-03       1,       1 x  2.12-314 y  2.38-321

 Time   0.50297235683269470     
                       Volume            Mass         Density        Pressure Internal Energy  Kinetic Energy    Total Energy
 step:     87      0.1000E+03      0.2800E+02      0.2800E+00      0.1671E+00      0.4179E+02      0.1193E+01      0.4298E+02

Test problem   2 is within   0.1301714E-10% of the expected solution
 This test is considered PASSED

 Calculation complete
 Clover is finishing
 Wall clock    22.005639791488647     
 First step overhead  -1.7748355865478516E-002

Profiler Output                 Time            Percentage
Timestep              :          1.7027          7.7374
Ideal Gas             :          1.0397          4.7247
Viscosity             :          0.4397          1.9981
PdV                   :          3.4599         15.7230
Revert                :          0.4438          2.0167
Acceleration          :          2.0111          9.1390
Fluxes                :          0.5217          2.3709
Cell Advection        :          4.2903         19.4964
Momentum Advection    :          7.2010         32.7236
Reset                 :          0.5538          2.5168
Summary               :          0.0761          0.3457
Visit                 :          0.0000          0.0000
Tile Halo Exchange    :          0.1228          0.5578
Self Halo Exchange    :          0.1321          0.6001
MPI Halo Exchange     :          0.0003          0.0015
Total                 :         21.9950         99.9516
The Rest              :          0.0106          0.0484
